<?xml version="1.0" encoding="UTF-8"?>
<!-- Generated by org.testng.reporters.JUnitReportReporter -->
<testsuite hostname="HEMHOQ2O" failures="0" tests="1" name="testCases.TC001_AccountRegistrationTest" time="2.994" errors="0" timestamp="2025-09-02T13:46:24 IST" skipped="0">
  <testcase classname="testCases.TC001_AccountRegistrationTest" name="verify_account_registration" time="2.994"/>
</testsuite> <!-- testCases.TC001_AccountRegistrationTest -->
